d:\c++ implementations\minecraft\minecraft\x64\debug\vc143.pdb
d:\c++ implementations\minecraft\minecraft\x64\debug\vc143.idb
d:\c++ implementations\minecraft\minecraft\x64\debug\vbo.obj
d:\c++ implementations\minecraft\minecraft\x64\debug\vao.obj
d:\c++ implementations\minecraft\minecraft\x64\debug\shaderclass.obj
d:\c++ implementations\minecraft\minecraft\x64\debug\main.obj
d:\c++ implementations\minecraft\minecraft\x64\debug\ebo.obj
d:\c++ implementations\minecraft\minecraft\x64\debug\glad.obj
d:\c++ implementations\minecraft\x64\debug\minecraft.exe
d:\c++ implementations\minecraft\x64\debug\minecraft.pdb
d:\c++ implementations\minecraft\minecraft\x64\debug\minecraft.ilk
d:\c++ implementations\minecraft\minecraft\x64\debug\main.obj.enc
d:\c++ implementations\minecraft\minecraft\x64\debug\minecraft.tlog\cl.command.1.tlog
d:\c++ implementations\minecraft\minecraft\x64\debug\minecraft.tlog\cl.items.tlog
d:\c++ implementations\minecraft\minecraft\x64\debug\minecraft.tlog\cl.read.1.tlog
d:\c++ implementations\minecraft\minecraft\x64\debug\minecraft.tlog\cl.write.1.tlog
d:\c++ implementations\minecraft\minecraft\x64\debug\minecraft.tlog\link.command.1.tlog
d:\c++ implementations\minecraft\minecraft\x64\debug\minecraft.tlog\link.read.1.tlog
d:\c++ implementations\minecraft\minecraft\x64\debug\minecraft.tlog\link.secondary.1.tlog
d:\c++ implementations\minecraft\minecraft\x64\debug\minecraft.tlog\link.write.1.tlog
